<?xml version="1.0" encoding="UTF-8"?>
<testng-results ignored="0" total="1" passed="1" failed="0" skipped="0">
  <reporter-output>
  </reporter-output>
  <suite started-at="2023-07-31T11:37:07 IST" name="Suite" finished-at="2023-07-31T11:37:28 IST" duration-ms="20801">
    <groups>
    </groups>
    <test started-at="2023-07-31T11:37:07 IST" name="Test" finished-at="2023-07-31T11:37:28 IST" duration-ms="20801">
      <class name="test.Automatepagetest">
        <test-method is-config="true" signature="setUp()[pri:0, instance:test.Automatepagetest@194bcebf]" started-at="2023-07-31T11:37:07 IST" name="setUp" finished-at="2023-07-31T11:37:19 IST" duration-ms="11876" status="PASS">
          <reporter-output>
          </reporter-output>
        </test-method> <!-- setUp -->
        <test-method signature="testing()[pri:0, instance:test.Automatepagetest@194bcebf]" started-at="2023-07-31T11:37:19 IST" name="testing" finished-at="2023-07-31T11:37:28 IST" duration-ms="8860" status="PASS">
          <reporter-output>
          </reporter-output>
        </test-method> <!-- testing -->
      </class> <!-- test.Automatepagetest -->
    </test> <!-- Test -->
  </suite> <!-- Suite -->
</testng-results>
